100 200 125
1 10 20
900 1000 174
55236 75200 335
13884 93870 351
278 416 144
294 336 144
387 493 142
150 422 144
363 28 144
191 60 125
264 427 144
41 427 144
173 237 128
212 369 144
68 430 144
283 31 128
363 124 144
68 136 122
430 303 144
23 59 113
70 168 122
394 457 134
12 43 112
230 374 144
422 420 41
285 38 128
199 325 131
316 371 144
414 27 144
92 481 144
457 374 134
363 171 144
497 282 144
306 426 144
85 328 144
337 6 144
347 230 144
314 358 144
125 396 144
83 46 116
315 368 144
435 365 134
44 251 128
88 309 128
277 179 128
289 85 128
404 152 144
255 400 144
433 61 144
177 369 144
240 13 128
227 87 125
95 40 116
296 71 128
435 379 134
468 102 144
98 403 144
318 493 144
153 257 128
302 281 118
287 442 144
366 190 144
445 120 144
441 230 144
32 118 119
98 272 128
482 176 144
210 428 144
68 357 144
498 354 142
87 466 144
307 184 128
220 125 125
29 372 144
233 330 144
4 20 21
271 369 144
209 216 115
341 150 144
297 224 128
119 246 128
347 452 134
422 56 144
380 489 142
265 229 128
342 351 126
194 1 125
35 265 128
125 415 144
488 357 142
244 492 144
228 366 144
360 437 134
433 52 144
438 229 144
276 408 144
475 122 144
359 396 121
30 238 128
236 294 123
319 429 144
144 12 122
429 30 144
